Determining if the pthread_create exist failed with the following output:
Change Dir: /home/nego/Documentos/FirstGame/Space/linux-build/CMakeFiles/CMakeTmp

Run Build Command:"/usr/bin/make" "cmTryCompileExec4032299068/fast"
/usr/bin/make -f CMakeFiles/cmTryCompileExec4032299068.dir/build.make CMakeFiles/cmTryCompileExec4032299068.dir/build
make[1]: Entering directory '/home/nego/Documentos/FirstGame/Space/linux-build/CMakeFiles/CMakeTmp'
/usr/bin/cmake -E cmake_progress_report /home/nego/Documentos/FirstGame/Space/linux-build/CMakeFiles/CMakeTmp/CMakeFiles 1
Building C object CMakeFiles/cmTryCompileExec4032299068.dir/CheckSymbolExists.c.o
/usr/bin/cc   -std=c99    -o CMakeFiles/cmTryCompileExec4032299068.dir/CheckSymbolExists.c.o   -c /home/nego/Documentos/FirstGame/Space/linux-build/CMakeFiles/CMakeTmp/CheckSymbolExists.c
Linking C executable cmTryCompileExec4032299068
/usr/bin/cmake -E cmake_link_script CMakeFiles/cmTryCompileExec4032299068.dir/link.txt --verbose=1
/usr/bin/cc   -std=c99     CMakeFiles/cmTryCompileExec4032299068.dir/CheckSymbolExists.c.o  -o cmTryCompileExec4032299068 -rdynamic 
CMakeFiles/cmTryCompileExec4032299068.dir/CheckSymbolExists.c.o: na função `main':
CheckSymbolExists.c:(.text+0x16): referência indefinida para `pthread_create'
collect2: error: ld returned 1 exit status
CMakeFiles/cmTryCompileExec4032299068.dir/build.make:88: recipe for target 'cmTryCompileExec4032299068' failed
make[1]: *** [cmTryCompileExec4032299068] Error 1
make[1]: Leaving directory '/home/nego/Documentos/FirstGame/Space/linux-build/CMakeFiles/CMakeTmp'
Makefile:117: recipe for target 'cmTryCompileExec4032299068/fast' failed
make: *** [cmTryCompileExec4032299068/fast] Error 2

File /home/nego/Documentos/FirstGame/Space/linux-build/CMakeFiles/CMakeTmp/CheckSymbolExists.c:
/* */
#include <pthread.h>

int main(int argc, char** argv)
{
  (void)argv;
#ifndef pthread_create
  return ((int*)(&pthread_create))[argc];
#else
  (void)argc;
  return 0;
#endif
}

Determining if the function pthread_create exists in the pthreads failed with the following output:
Change Dir: /home/nego/Documentos/FirstGame/Space/linux-build/CMakeFiles/CMakeTmp

Run Build Command:"/usr/bin/make" "cmTryCompileExec3655295255/fast"
/usr/bin/make -f CMakeFiles/cmTryCompileExec3655295255.dir/build.make CMakeFiles/cmTryCompileExec3655295255.dir/build
make[1]: Entering directory '/home/nego/Documentos/FirstGame/Space/linux-build/CMakeFiles/CMakeTmp'
/usr/bin/cmake -E cmake_progress_report /home/nego/Documentos/FirstGame/Space/linux-build/CMakeFiles/CMakeTmp/CMakeFiles 1
Building C object CMakeFiles/cmTryCompileExec3655295255.dir/CheckFunctionExists.c.o
/usr/bin/cc   -std=c99 -DCHECK_FUNCTION_EXISTS=pthread_create   -o CMakeFiles/cmTryCompileExec3655295255.dir/CheckFunctionExists.c.o   -c /usr/share/cmake-3.2/Modules/CheckFunctionExists.c
Linking C executable cmTryCompileExec3655295255
/usr/bin/cmake -E cmake_link_script CMakeFiles/cmTryCompileExec3655295255.dir/link.txt --verbose=1
/usr/bin/cc   -std=c99 -DCHECK_FUNCTION_EXISTS=pthread_create    CMakeFiles/cmTryCompileExec3655295255.dir/CheckFunctionExists.c.o  -o cmTryCompileExec3655295255 -rdynamic -lpthreads 
/usr/bin/ld: não foi possível encontrar -lpthreads
collect2: error: ld returned 1 exit status
CMakeFiles/cmTryCompileExec3655295255.dir/build.make:88: recipe for target 'cmTryCompileExec3655295255' failed
make[1]: *** [cmTryCompileExec3655295255] Error 1
make[1]: Leaving directory '/home/nego/Documentos/FirstGame/Space/linux-build/CMakeFiles/CMakeTmp'
Makefile:117: recipe for target 'cmTryCompileExec3655295255/fast' failed
make: *** [cmTryCompileExec3655295255/fast] Error 2


