Determining if the pthread_create exist failed with the following output:
Change Dir: /home/nego/Documentos/FirstGame/Space/CMakeFiles/CMakeTmp

Run Build Command:"/usr/bin/make" "cmTryCompileExec1120029518/fast"
/usr/bin/make -f CMakeFiles/cmTryCompileExec1120029518.dir/build.make CMakeFiles/cmTryCompileExec1120029518.dir/build
make[1]: Entering directory '/home/nego/Documentos/FirstGame/Space/CMakeFiles/CMakeTmp'
/usr/bin/cmake -E cmake_progress_report /home/nego/Documentos/FirstGame/Space/CMakeFiles/CMakeTmp/CMakeFiles 1
Building C object CMakeFiles/cmTryCompileExec1120029518.dir/CheckSymbolExists.c.o
/usr/bin/cc   -std=c99    -o CMakeFiles/cmTryCompileExec1120029518.dir/CheckSymbolExists.c.o   -c /home/nego/Documentos/FirstGame/Space/CMakeFiles/CMakeTmp/CheckSymbolExists.c
Linking C executable cmTryCompileExec1120029518
/usr/bin/cmake -E cmake_link_script CMakeFiles/cmTryCompileExec1120029518.dir/link.txt --verbose=1
/usr/bin/cc   -std=c99     CMakeFiles/cmTryCompileExec1120029518.dir/CheckSymbolExists.c.o  -o cmTryCompileExec1120029518 -rdynamic 
CMakeFiles/cmTryCompileExec1120029518.dir/CheckSymbolExists.c.o: na função `main':
CheckSymbolExists.c:(.text+0x16): referência indefinida para `pthread_create'
collect2: error: ld returned 1 exit status
CMakeFiles/cmTryCompileExec1120029518.dir/build.make:88: recipe for target 'cmTryCompileExec1120029518' failed
make[1]: *** [cmTryCompileExec1120029518] Error 1
make[1]: Leaving directory '/home/nego/Documentos/FirstGame/Space/CMakeFiles/CMakeTmp'
Makefile:117: recipe for target 'cmTryCompileExec1120029518/fast' failed
make: *** [cmTryCompileExec1120029518/fast] Error 2

File /home/nego/Documentos/FirstGame/Space/CMakeFiles/CMakeTmp/CheckSymbolExists.c:
/* */
#include <pthread.h>

int main(int argc, char** argv)
{
  (void)argv;
#ifndef pthread_create
  return ((int*)(&pthread_create))[argc];
#else
  (void)argc;
  return 0;
#endif
}

Determining if the function pthread_create exists in the pthreads failed with the following output:
Change Dir: /home/nego/Documentos/FirstGame/Space/CMakeFiles/CMakeTmp

Run Build Command:"/usr/bin/make" "cmTryCompileExec1169796346/fast"
/usr/bin/make -f CMakeFiles/cmTryCompileExec1169796346.dir/build.make CMakeFiles/cmTryCompileExec1169796346.dir/build
make[1]: Entering directory '/home/nego/Documentos/FirstGame/Space/CMakeFiles/CMakeTmp'
/usr/bin/cmake -E cmake_progress_report /home/nego/Documentos/FirstGame/Space/CMakeFiles/CMakeTmp/CMakeFiles 1
Building C object CMakeFiles/cmTryCompileExec1169796346.dir/CheckFunctionExists.c.o
/usr/bin/cc   -std=c99 -DCHECK_FUNCTION_EXISTS=pthread_create   -o CMakeFiles/cmTryCompileExec1169796346.dir/CheckFunctionExists.c.o   -c /usr/share/cmake-3.2/Modules/CheckFunctionExists.c
Linking C executable cmTryCompileExec1169796346
/usr/bin/cmake -E cmake_link_script CMakeFiles/cmTryCompileExec1169796346.dir/link.txt --verbose=1
/usr/bin/cc   -std=c99 -DCHECK_FUNCTION_EXISTS=pthread_create    CMakeFiles/cmTryCompileExec1169796346.dir/CheckFunctionExists.c.o  -o cmTryCompileExec1169796346 -rdynamic -lpthreads 
/usr/bin/ld: não foi possível encontrar -lpthreads
collect2: error: ld returned 1 exit status
CMakeFiles/cmTryCompileExec1169796346.dir/build.make:88: recipe for target 'cmTryCompileExec1169796346' failed
make[1]: *** [cmTryCompileExec1169796346] Error 1
make[1]: Leaving directory '/home/nego/Documentos/FirstGame/Space/CMakeFiles/CMakeTmp'
Makefile:117: recipe for target 'cmTryCompileExec1169796346/fast' failed
make: *** [cmTryCompileExec1169796346/fast] Error 2


